--------------------------------------------------------------------------------
Release 14.7 Trace  (nt64)
Copyright (c) 1995-2013 Xilinx, Inc.  All rights reserved.

C:\Xilinx\14.7\ISE_DS\ISE\bin\nt64\unwrapped\trce.exe -intstyle ise -v 3 -s 3
-n 3 -fastpaths -xml top.twx top.ncd -o top.twr top.pcf -ucf top.ucf

Design file:              top.ncd
Physical constraint file: top.pcf
Device,package,speed:     xc6slx25t,fgg484,C,-3 (PRODUCTION 1.23 2013-10-13)
Report level:             verbose report

Environment Variable      Effect 
--------------------      ------ 
NONE                      No environment variables were set
--------------------------------------------------------------------------------

INFO:Timing:2698 - No timing constraints found, doing default enumeration.
INFO:Timing:3412 - To improve timing, see the Timing Closure User Guide (UG612).
INFO:Timing:2752 - To get complete path coverage, use the unconstrained paths 
   option. All paths that are not constrained will be reported in the 
   unconstrained paths section(s) of the report.
INFO:Timing:3339 - The clock-to-out numbers in this timing report are based on 
   a 50 Ohm transmission line loading model.  For the details of this model, 
   and for more information on accounting for different loading conditions, 
   please see the device datasheet.



Data Sheet report:
-----------------
All values displayed in nanoseconds (ns)

Clock USER_CLOCK to Pad
------------+-----------------+------------+-----------------+------------+------------------+--------+
            |Max (slowest) clk|  Process   |Min (fastest) clk|  Process   |                  | Clock  |
Destination |  (edge) to PAD  |   Corner   |  (edge) to PAD  |   Corner   |Internal Clock(s) | Phase  |
------------+-----------------+------------+-----------------+------------+------------------+--------+
MBI_CLKL_MOD|         3.436(R)|      SLOW  |         2.141(R)|      FAST  |W_PHASE0          |   0.000|
            |         3.451(F)|      SLOW  |         2.063(F)|      FAST  |W_PHASE0          |   0.000|
MBI_CLKN_MOD|         6.635(R)|      SLOW  |         3.616(R)|      FAST  |W_CLKN_MOD        |   0.000|
            |         6.655(F)|      SLOW  |         3.610(F)|      FAST  |W_CLKN_MOD        |   0.000|
MBI_CLK_MOD |         6.688(R)|      SLOW  |         3.736(R)|      FAST  |W_CLK_MOD         |   0.000|
            |         6.708(F)|      SLOW  |         3.730(F)|      FAST  |W_CLK_MOD         |   0.000|
------------+-----------------+------------+-----------------+------------+------------------+--------+


Analysis completed Fri May 19 15:18:47 2017 
--------------------------------------------------------------------------------

Trace Settings:
-------------------------
Trace Settings 

Peak Memory Usage: 237 MB



