#-----------------------------------------------------------
# PlanAhead v14.7 (64-bit)
# Build 321239 by xbuild on Fri Sep 27 19:29:51 MDT 2013
# Start of session at: Wed May 17 16:40:49 2017
# Process ID: 5924
# Log file: D:/Shichen Lu/MB_top_syncedClocks/planAhead_run_2/planAhead.log
# Journal file: D:/Shichen Lu/MB_top_syncedClocks/planAhead_run_2/planAhead.jou
#-----------------------------------------------------------
INFO: [Common 17-78] Attempting to get a license: PlanAhead
INFO: [Common 17-290] Got license for PlanAhead
INFO: [Common 17-86] Your PlanAhead license expires in -412 day(s)
INFO: [Device 21-36] Loading parts and site information from C:/Xilinx/14.7/ISE_DS/PlanAhead/data/parts/arch.xml
Parsing RTL primitives file [C:/Xilinx/14.7/ISE_DS/PlanAhead/data/parts/xilinx/rtl/prims/rtl_prims.xml]
Finished parsing RTL primitives file [C:/Xilinx/14.7/ISE_DS/PlanAhead/data/parts/xilinx/rtl/prims/rtl_prims.xml]
start_gui
source {D:/Shichen Lu/MB_top_syncedClocks/pa.fromNetlist.tcl}
# create_project -name MB_top_syncedClocks -dir "D:/Shichen Lu/MB_top_syncedClocks/planAhead_run_2" -part xc6slx25tfgg484-3
# set_property design_mode GateLvl [get_property srcset [current_run -impl]]
# set_property edif_top_file "D:/Shichen Lu/MB_top_syncedClocks/top.ngc" [ get_property srcset [ current_run ] ]
# add_files -norecurse { {D:/Shichen Lu/MB_top_syncedClocks} }
# set_param project.pinAheadLayout  yes
# set_property target_constrs_file "top.ucf" [current_fileset -constrset]
Adding file 'D:/Shichen Lu/MB_top_syncedClocks/top.ucf' to fileset 'constrs_1'
# add_files [list {top.ucf}] -fileset [get_property constrset [current_run]]
# link_design
Design is defaulting to srcset: sources_1
Design is defaulting to constrset: constrs_1
Design is defaulting to project part: xc6slx25tfgg484-3
Release 14.7 - ngc2edif P.20131013 (nt64)
Copyright (c) 1995-2013 Xilinx, Inc.  All rights reserved.
Reading design top.ngc ...
WARNING:NetListWriters:298 - No output is written to top.xncf, ignored.
Processing design ...
   Preping design's networks ...
   Preping design's macros ...
  finished :Prep
Writing EDIF netlist file top.edif ...
ngc2edif: Total memory usage is 75404 kilobytes

Parsing EDIF File [./planAhead_run_2/MB_top_syncedClocks.data/cache/top_ngc_zx.edif]
Finished Parsing EDIF File [./planAhead_run_2/MB_top_syncedClocks.data/cache/top_ngc_zx.edif]
Loading clock regions from C:/Xilinx/14.7/ISE_DS/PlanAhead/data\parts/xilinx/spartan6/spartan6lxt/xc6slx25t/ClockRegion.xml
Loading clock buffers from C:/Xilinx/14.7/ISE_DS/PlanAhead/data\parts/xilinx/spartan6/spartan6lxt/xc6slx25t/ClockBuffers.xml
Loading package pin functions from C:/Xilinx/14.7/ISE_DS/PlanAhead/data\parts/xilinx/spartan6/PinFunctions.xml...
Loading package from C:/Xilinx/14.7/ISE_DS/PlanAhead/data\parts/xilinx/spartan6/spartan6lxt/xc6slx25t/fgg484/Package.xml
Loading io standards from C:/Xilinx/14.7/ISE_DS/PlanAhead/data\./parts/xilinx/spartan6/IOStandards.xml
Loading device configuration modes from C:/Xilinx/14.7/ISE_DS/PlanAhead/data\parts/xilinx/spartan6/ConfigModes.xml
Loading list of drcs for the architecture : C:/Xilinx/14.7/ISE_DS/PlanAhead/data\./parts/xilinx/spartan6/drc.xml
Parsing UCF File [D:/Shichen Lu/MB_top_syncedClocks/top.ucf]
Finished Parsing UCF File [D:/Shichen Lu/MB_top_syncedClocks/top.ucf]
INFO: [Project 1-111] Unisim Transformation Summary:
No Unisim elements were transformed.

Phase 0 | Netlist Checksum: 4eb520da
link_design: Time (s): elapsed = 00:00:13 . Memory (MB): peak = 625.500 ; gain = 194.707
refresh_design
Release 14.7 - ngc2edif P.20131013 (nt64)
Copyright (c) 1995-2013 Xilinx, Inc.  All rights reserved.
Reading design top.ngc ...
WARNING:NetListWriters:298 - No output is written to top.xncf, ignored.
Processing design ...
   Preping design's networks ...
   Preping design's macros ...
  finished :Prep
Writing EDIF netlist file top.edif ...
ngc2edif: Total memory usage is 75020 kilobytes

Parsing EDIF File [./planAhead_run_2/MB_top_syncedClocks.data/cache/top_ngc_zx.edif]
Finished Parsing EDIF File [./planAhead_run_2/MB_top_syncedClocks.data/cache/top_ngc_zx.edif]
Parsing UCF File [D:/Shichen Lu/MB_top_syncedClocks/top.ucf]
Finished Parsing UCF File [D:/Shichen Lu/MB_top_syncedClocks/top.ucf]
refresh_design: Time (s): elapsed = 00:00:06 . Memory (MB): peak = 642.660 ; gain = 11.598
